<?xml version="1.0" encoding="UTF-8"?>
<!-- Generated by org.testng.reporters.JUnitReportReporter -->
<testsuite skipped="0" hostname="DESKTOP-0KLE8L4" name="com.automation.SecondTest" tests="1" failures="0" timestamp="18 Jul 2020 07:28:25 GMT" time="21.970" errors="0">
  <testcase name="login" time="21.970" classname="com.automation.SecondTest"/>
</testsuite> <!-- com.automation.SecondTest -->
