<?xml version="1.0" encoding="UTF-8"?>
<!-- Generated by org.testng.reporters.JUnitReportReporter -->
<testsuite skipped="0" hostname="DESKTOP-0KLE8L4" name="com.automation.FirstTest" tests="1" failures="0" timestamp="18 Jul 2020 07:28:25 GMT" time="22.820" errors="0">
  <testcase name="signUp" time="22.820" classname="com.automation.FirstTest"/>
</testsuite> <!-- com.automation.FirstTest -->
