<?xml version="1.0" encoding="UTF-8"?>
<!-- Generated by org.testng.reporters.JUnitReportReporter -->
<testsuite skipped="0" hostname="DESKTOP-0KLE8L4" name="com.automation.ThirdTest" tests="1" failures="0" timestamp="18 Jul 2020 07:28:25 GMT" time="52.455" errors="0">
  <testcase name="addToCart" time="52.455" classname="com.automation.ThirdTest"/>
</testsuite> <!-- com.automation.ThirdTest -->
