<?xml version="1.0" encoding="UTF-8"?>
<!-- Generated by org.testng.reporters.JUnitReportReporter -->
<testsuite skipped="0" hostname="DESKTOP-0KLE8L4" name="com.automation.FourthTest" tests="1" failures="0" timestamp="18 Jul 2020 07:28:25 GMT" time="40.892" errors="0">
  <testcase name="searchProduct" time="40.892" classname="com.automation.FourthTest"/>
</testsuite> <!-- com.automation.FourthTest -->
